<?xml version="1.0" encoding="UTF-8"?>
<!-- Generated by org.testng.reporters.JUnitXMLReporter -->
<testsuite ignored="0" hostname="Laptop-41" failures="0" tests="1" name="Test" time="2.832" errors="0" timestamp="2025-10-24T11:29:24 IST">
  <testcase classname="com.automation.framework.SeleniumPOMFramework.LoginTest" name="@BeforeMethod setUpTest" time="1.178">
    <failure type="org.openqa.selenium.WebDriverException" message="unknown error: net::ERR_NAME_NOT_RESOLVED
  (Session info: chrome=141.0.7390.77)
Build info: version: &amp;apos;4.23.0&amp;apos;, revision: &amp;apos;4df0a231af&amp;apos;
System info: os.name: &amp;apos;Windows 11&amp;apos;, os.arch: &amp;apos;amd64&amp;apos;, os.version: &amp;apos;10.0&amp;apos;, java.version: &amp;apos;21.0.8&amp;apos;
Driver info: org.openqa.selenium.chrome.ChromeDriver
Command: [eeb684a8095601f601c2405699306d5e, get {url=https://kartiki.dev.myhealthchecked.com:444/admin/}]
Capabilities {acceptInsecureCerts: false, browserName: chrome, browserVersion: 141.0.7390.77, chrome: {chromedriverVersion: 141.0.7390.122 (b477534e7e1..., userDataDir: C:\Users\NIKHIL~1.RAY\AppDa...}, fedcm:accounts: true, goog:chromeOptions: {debuggerAddress: localhost:58239}, networkConnectionEnabled: false, pageLoadStrategy: normal, platformName: windows, proxy: Proxy(), se:cdp: ws://localhost:58239/devtoo..., se:cdpVersion: 141.0.7390.77, setWindowRect: true, strictFileInteractability: false, timeouts: {implicit: 0, pageLoad: 300000, script: 30000}, unhandledPromptBehavior: dismiss and notify, webauthn:extension:credBlob: true, webauthn:extension:largeBlob: true, webauthn:extension:minPinLength: true, webauthn:extension:prf: true, webauthn:virtualAuthenticators: true}
Session ID: eeb684a8095601f601c2405699306d5e">
      <![CDATA[org.openqa.selenium.WebDriverException: unknown error: net::ERR_NAME_NOT_RESOLVED
  (Session info: chrome=141.0.7390.77)
Build info: version: '4.23.0', revision: '4df0a231af'
System info: os.name: 'Windows 11', os.arch: 'amd64', os.version: '10.0', java.version: '21.0.8'
Driver info: org.openqa.selenium.chrome.ChromeDriver
Command: [eeb684a8095601f601c2405699306d5e, get {url=https://kartiki.dev.myhealthchecked.com:444/admin/}]
Capabilities {acceptInsecureCerts: false, browserName: chrome, browserVersion: 141.0.7390.77, chrome: {chromedriverVersion: 141.0.7390.122 (b477534e7e1..., userDataDir: C:\Users\NIKHIL~1.RAY\AppDa...}, fedcm:accounts: true, goog:chromeOptions: {debuggerAddress: localhost:58239}, networkConnectionEnabled: false, pageLoadStrategy: normal, platformName: windows, proxy: Proxy(), se:cdp: ws://localhost:58239/devtoo..., se:cdpVersion: 141.0.7390.77, setWindowRect: true, strictFileInteractability: false, timeouts: {implicit: 0, pageLoad: 300000, script: 30000}, unhandledPromptBehavior: dismiss and notify, webauthn:extension:credBlob: true, webauthn:extension:largeBlob: true, webauthn:extension:minPinLength: true, webauthn:extension:prf: true, webauthn:virtualAuthenticators: true}
Session ID: eeb684a8095601f601c2405699306d5e
at org.openqa.selenium.remote.ErrorCodec.decode(ErrorCodec.java:167)
at org.openqa.selenium.remote.codec.w3c.W3CHttpResponseCodec.decode(W3CHttpResponseCodec.java:138)
at org.openqa.selenium.remote.codec.w3c.W3CHttpResponseCodec.decode(W3CHttpResponseCodec.java:50)
at org.openqa.selenium.remote.HttpCommandExecutor.execute(HttpCommandExecutor.java:190)
at org.openqa.selenium.remote.service.DriverCommandExecutor.invokeExecute(DriverCommandExecutor.java:216)
at org.openqa.selenium.remote.service.DriverCommandExecutor.execute(DriverCommandExecutor.java:174)
at org.openqa.selenium.remote.RemoteWebDriver.execute(RemoteWebDriver.java:527)
at org.openqa.selenium.remote.RemoteWebDriver.get(RemoteWebDriver.java:302)
at com.automation.framework.SeleniumPOMFramework.LoginTest.setUpTest(LoginTest.java:13)
at java.base/java.util.ArrayList.forEach(ArrayList.java:1596)
... Removed 32 stack frames]]>
    </failure>
  </testcase> <!-- @BeforeMethod setUpTest -->
  <testcase classname="com.automation.framework.SeleniumPOMFramework.LoginTest" name="@AfterMethod tearDownTest" time="0.0">
    <skipped/>
  </testcase> <!-- @AfterMethod tearDownTest -->
  <testcase classname="com.automation.framework.SeleniumPOMFramework.BaseClass" name="@AfterClass tearDownBrowser" time="0.0">
    <skipped/>
  </testcase> <!-- @AfterClass tearDownBrowser -->
  <testcase classname="com.automation.framework.SeleniumPOMFramework.LoginTest" name="verifyLogin" time="0.0">
    <skipped/>
  </testcase> <!-- verifyLogin -->
</testsuite> <!-- Test -->
