<?xml version="1.0" encoding="UTF-8"?>
<testng-results ignored="1" total="4" passed="1" failed="2" skipped="0">
  <reporter-output>
  </reporter-output>
  <suite started-at="2025-10-24T17:21:43 IST" name="Suite" finished-at="2025-10-24T17:22:08 IST" duration-ms="24459">
    <groups>
    </groups>
    <test started-at="2025-10-24T17:21:43 IST" name="ChromeTest" finished-at="2025-10-24T17:21:53 IST" duration-ms="9465">
      <class name="com.automation.framework.SeleniumPOMFramework.LoginTest">
        <test-method is-config="true" signature="setupBrowser(java.lang.String)[pri:0, instance:com.automation.framework.SeleniumPOMFramework.LoginTest@49438269]" started-at="2025-10-24T17:21:44 IST" name="setupBrowser" finished-at="2025-10-24T17:21:50 IST" duration-ms="6995" status="PASS">
          <params>
            <param index="0">
              <value>
                <![CDATA[chrome]]>
              </value>
            </param>
          </params>
          <reporter-output>
          </reporter-output>
        </test-method> <!-- setupBrowser -->
        <test-method signature="verifyLogin()[pri:0, instance:com.automation.framework.SeleniumPOMFramework.LoginTest@49438269]" started-at="2025-10-24T17:21:51 IST" name="verifyLogin" description="Verify valid login" finished-at="2025-10-24T17:21:53 IST" duration-ms="2423" status="FAIL">
          <exception class="org.openqa.selenium.StaleElementReferenceException">
            <message>
              <![CDATA[The element with the reference 849f8a12-7f96-4670-81c8-a01d488f517a is stale; either its node document is not the active document, or it is no longer connected to the DOM
For documentation on this error, please visit: https://www.selenium.dev/documentation/webdriver/troubleshooting/errors#stale-element-reference-exception
Build info: version: '4.23.0', revision: '4df0a231af'
System info: os.name: 'Windows 11', os.arch: 'amd64', os.version: '10.0', java.version: '21.0.8'
Driver info: org.openqa.selenium.firefox.FirefoxDriver
Command: [3ea90ca0-f2c6-4e7c-86d4-941539383683, clickElement {id=849f8a12-7f96-4670-81c8-a01d488f517a}]
Capabilities {acceptInsecureCerts: true, browserName: firefox, browserVersion: 144.0, moz:accessibilityChecks: false, moz:buildID: 20251009125714, moz:geckodriverVersion: 0.36.0, moz:headless: false, moz:platformVersion: 10.0, moz:processID: 18308, moz:profile: C:\Users\NIKHIL~1.RAY\AppDa..., moz:shutdownTimeout: 60000, moz:webdriverClick: true, moz:windowless: false, pageLoadStrategy: normal, platformName: windows, proxy: Proxy(), setWindowRect: true, strictFileInteractability: false, timeouts: {implicit: 0, pageLoad: 300000, script: 30000}, unhandledPromptBehavior: dismiss and notify, userAgent: Mozilla/5.0 (Windows NT 10....}
Element: [[FirefoxDriver: firefox on windows (3ea90ca0-f2c6-4e7c-86d4-941539383683)] -> id: loginform]
Session ID: 3ea90ca0-f2c6-4e7c-86d4-941539383683]]>
            </message>
            <full-stacktrace>
              <![CDATA[org.openqa.selenium.StaleElementReferenceException: The element with the reference 849f8a12-7f96-4670-81c8-a01d488f517a is stale; either its node document is not the active document, or it is no longer connected to the DOM
For documentation on this error, please visit: https://www.selenium.dev/documentation/webdriver/troubleshooting/errors#stale-element-reference-exception
Build info: version: '4.23.0', revision: '4df0a231af'
System info: os.name: 'Windows 11', os.arch: 'amd64', os.version: '10.0', java.version: '21.0.8'
Driver info: org.openqa.selenium.firefox.FirefoxDriver
Command: [3ea90ca0-f2c6-4e7c-86d4-941539383683, clickElement {id=849f8a12-7f96-4670-81c8-a01d488f517a}]
Capabilities {acceptInsecureCerts: true, browserName: firefox, browserVersion: 144.0, moz:accessibilityChecks: false, moz:buildID: 20251009125714, moz:geckodriverVersion: 0.36.0, moz:headless: false, moz:platformVersion: 10.0, moz:processID: 18308, moz:profile: C:\Users\NIKHIL~1.RAY\AppDa..., moz:shutdownTimeout: 60000, moz:webdriverClick: true, moz:windowless: false, pageLoadStrategy: normal, platformName: windows, proxy: Proxy(), setWindowRect: true, strictFileInteractability: false, timeouts: {implicit: 0, pageLoad: 300000, script: 30000}, unhandledPromptBehavior: dismiss and notify, userAgent: Mozilla/5.0 (Windows NT 10....}
Element: [[FirefoxDriver: firefox on windows (3ea90ca0-f2c6-4e7c-86d4-941539383683)] -> id: loginform]
Session ID: 3ea90ca0-f2c6-4e7c-86d4-941539383683
at java.base/jdk.internal.reflect.DirectConstructorHandleAccessor.newInstance(DirectConstructorHandleAccessor.java:62)
at java.base/java.lang.reflect.Constructor.newInstanceWithCaller(Constructor.java:502)
at java.base/java.lang.reflect.Constructor.newInstance(Constructor.java:486)
at org.openqa.selenium.remote.ErrorCodec.decode(ErrorCodec.java:167)
at org.openqa.selenium.remote.codec.w3c.W3CHttpResponseCodec.decode(W3CHttpResponseCodec.java:138)
at org.openqa.selenium.remote.codec.w3c.W3CHttpResponseCodec.decode(W3CHttpResponseCodec.java:50)
at org.openqa.selenium.remote.HttpCommandExecutor.execute(HttpCommandExecutor.java:190)
at org.openqa.selenium.remote.service.DriverCommandExecutor.invokeExecute(DriverCommandExecutor.java:216)
at org.openqa.selenium.remote.service.DriverCommandExecutor.execute(DriverCommandExecutor.java:174)
at org.openqa.selenium.remote.RemoteWebDriver.execute(RemoteWebDriver.java:527)
at org.openqa.selenium.remote.RemoteWebElement.execute(RemoteWebElement.java:223)
at org.openqa.selenium.remote.RemoteWebElement.click(RemoteWebElement.java:76)
at java.base/jdk.internal.reflect.DirectMethodHandleAccessor.invoke(DirectMethodHandleAccessor.java:103)
at java.base/java.lang.reflect.Method.invoke(Method.java:580)
at org.openqa.selenium.support.pagefactory.internal.LocatingElementHandler.invoke(LocatingElementHandler.java:51)
at jdk.proxy2/jdk.proxy2.$Proxy18.click(Unknown Source)
at com.automation.framework.SeleniumPOMFramework.LoginPage.clickLogin(LoginPage.java:41)
at com.automation.framework.SeleniumPOMFramework.LoginPage.LoginToApplication(LoginPage.java:48)
at com.automation.framework.SeleniumPOMFramework.LoginTest.verifyLogin(LoginTest.java:17)
at java.base/jdk.internal.reflect.DirectMethodHandleAccessor.invoke(DirectMethodHandleAccessor.java:103)
at java.base/java.lang.reflect.Method.invoke(Method.java:580)
at org.testng.internal.invokers.MethodInvocationHelper.invokeMethod(MethodInvocationHelper.java:141)
at org.testng.internal.invokers.TestInvoker.invokeMethod(TestInvoker.java:687)
at org.testng.internal.invokers.TestInvoker.invokeTestMethod(TestInvoker.java:230)
at org.testng.internal.invokers.MethodRunner.runInSequence(MethodRunner.java:63)
at org.testng.internal.invokers.TestInvoker$MethodInvocationAgent.invoke(TestInvoker.java:995)
at org.testng.internal.invokers.TestInvoker.invokeTestMethods(TestInvoker.java:203)
at org.testng.internal.invokers.TestMethodWorker.invokeTestMethods(TestMethodWorker.java:154)
at org.testng.internal.invokers.TestMethodWorker.run(TestMethodWorker.java:134)
at java.base/java.util.ArrayList.forEach(ArrayList.java:1596)
at org.testng.TestRunner.privateRun(TestRunner.java:741)
at org.testng.TestRunner.run(TestRunner.java:616)
at org.testng.SuiteRunner.runTest(SuiteRunner.java:421)
at org.testng.SuiteRunner$SuiteWorker.run(SuiteRunner.java:463)
at org.testng.internal.thread.ThreadUtil.lambda$execute$0(ThreadUtil.java:64)
at java.base/java.util.concurrent.FutureTask.run(FutureTask.java:317)
at java.base/java.util.concurrent.ThreadPoolExecutor.runWorker(ThreadPoolExecutor.java:1144)
at java.base/java.util.concurrent.ThreadPoolExecutor$Worker.run(ThreadPoolExecutor.java:642)
at java.base/java.lang.Thread.run(Thread.java:1583)
]]>
            </full-stacktrace>
          </exception> <!-- org.openqa.selenium.StaleElementReferenceException -->
          <reporter-output>
          </reporter-output>
        </test-method> <!-- verifyLogin -->
        <test-method is-config="true" signature="tearDownTest()[pri:0, instance:com.automation.framework.SeleniumPOMFramework.LoginTest@49438269]" started-at="2025-10-24T17:21:53 IST" name="tearDownTest" finished-at="2025-10-24T17:21:53 IST" duration-ms="1" status="PASS">
          <reporter-output>
          </reporter-output>
        </test-method> <!-- tearDownTest -->
      </class> <!-- com.automation.framework.SeleniumPOMFramework.LoginTest -->
    </test> <!-- ChromeTest -->
    <test started-at="2025-10-24T17:21:43 IST" name="FirefoxTest" finished-at="2025-10-24T17:22:08 IST" duration-ms="24459">
      <class name="com.automation.framework.SeleniumPOMFramework.LoginTest">
        <test-method is-config="true" signature="setupReport()[pri:0, instance:com.automation.framework.SeleniumPOMFramework.LoginTest@71e9ddb4]" started-at="2025-10-24T17:21:43 IST" name="setupReport" finished-at="2025-10-24T17:21:43 IST" duration-ms="218" status="PASS">
          <reporter-output>
          </reporter-output>
        </test-method> <!-- setupReport -->
        <test-method is-config="true" signature="setupBrowser(java.lang.String)[pri:0, instance:com.automation.framework.SeleniumPOMFramework.LoginTest@71e9ddb4]" started-at="2025-10-24T17:21:44 IST" name="setupBrowser" finished-at="2025-10-24T17:21:51 IST" duration-ms="7006" status="PASS">
          <params>
            <param index="0">
              <value>
                <![CDATA[firefox]]>
              </value>
            </param>
          </params>
          <reporter-output>
          </reporter-output>
        </test-method> <!-- setupBrowser -->
        <test-method signature="verifyLogin()[pri:0, instance:com.automation.framework.SeleniumPOMFramework.LoginTest@71e9ddb4]" started-at="2025-10-24T17:21:51 IST" name="verifyLogin" description="Verify valid login" finished-at="2025-10-24T17:21:53 IST" duration-ms="2347" status="PASS">
          <reporter-output>
          </reporter-output>
        </test-method> <!-- verifyLogin -->
        <test-method is-config="true" signature="tearDownTest()[pri:0, instance:com.automation.framework.SeleniumPOMFramework.LoginTest@71e9ddb4]" started-at="2025-10-24T17:21:53 IST" name="tearDownTest" finished-at="2025-10-24T17:21:53 IST" duration-ms="2" status="PASS">
          <reporter-output>
          </reporter-output>
        </test-method> <!-- tearDownTest -->
        <test-method signature="CreatingBatch()[pri:0, instance:com.automation.framework.SeleniumPOMFramework.LoginTest@71e9ddb4]" started-at="2025-10-24T17:21:53 IST" name="CreatingBatch" finished-at="2025-10-24T17:22:08 IST" depends-on-methods="com.automation.framework.SeleniumPOMFramework.LoginTest.verifyLogin" duration-ms="15057" status="FAIL">
          <exception class="org.openqa.selenium.NoSuchWindowException">
            <message>
              <![CDATA[BrowsingContext does no longer exist
Build info: version: '4.23.0', revision: '4df0a231af'
System info: os.name: 'Windows 11', os.arch: 'amd64', os.version: '10.0', java.version: '21.0.8'
Driver info: org.openqa.selenium.firefox.FirefoxDriver
Command: [3ea90ca0-f2c6-4e7c-86d4-941539383683, findElement {using=xpath, value=//button[text()='Enable Later']}]
Capabilities {acceptInsecureCerts: true, browserName: firefox, browserVersion: 144.0, moz:accessibilityChecks: false, moz:buildID: 20251009125714, moz:geckodriverVersion: 0.36.0, moz:headless: false, moz:platformVersion: 10.0, moz:processID: 18308, moz:profile: C:\Users\NIKHIL~1.RAY\AppDa..., moz:shutdownTimeout: 60000, moz:webdriverClick: true, moz:windowless: false, pageLoadStrategy: normal, platformName: windows, proxy: Proxy(), setWindowRect: true, strictFileInteractability: false, timeouts: {implicit: 0, pageLoad: 300000, script: 30000}, unhandledPromptBehavior: dismiss and notify, userAgent: Mozilla/5.0 (Windows NT 10....}
Session ID: 3ea90ca0-f2c6-4e7c-86d4-941539383683]]>
            </message>
            <full-stacktrace>
              <![CDATA[org.openqa.selenium.NoSuchWindowException: BrowsingContext does no longer exist
Build info: version: '4.23.0', revision: '4df0a231af'
System info: os.name: 'Windows 11', os.arch: 'amd64', os.version: '10.0', java.version: '21.0.8'
Driver info: org.openqa.selenium.firefox.FirefoxDriver
Command: [3ea90ca0-f2c6-4e7c-86d4-941539383683, findElement {using=xpath, value=//button[text()='Enable Later']}]
Capabilities {acceptInsecureCerts: true, browserName: firefox, browserVersion: 144.0, moz:accessibilityChecks: false, moz:buildID: 20251009125714, moz:geckodriverVersion: 0.36.0, moz:headless: false, moz:platformVersion: 10.0, moz:processID: 18308, moz:profile: C:\Users\NIKHIL~1.RAY\AppDa..., moz:shutdownTimeout: 60000, moz:webdriverClick: true, moz:windowless: false, pageLoadStrategy: normal, platformName: windows, proxy: Proxy(), setWindowRect: true, strictFileInteractability: false, timeouts: {implicit: 0, pageLoad: 300000, script: 30000}, unhandledPromptBehavior: dismiss and notify, userAgent: Mozilla/5.0 (Windows NT 10....}
Session ID: 3ea90ca0-f2c6-4e7c-86d4-941539383683
at java.base/jdk.internal.reflect.DirectConstructorHandleAccessor.newInstance(DirectConstructorHandleAccessor.java:62)
at java.base/java.lang.reflect.Constructor.newInstanceWithCaller(Constructor.java:502)
at java.base/java.lang.reflect.Constructor.newInstance(Constructor.java:486)
at org.openqa.selenium.remote.ErrorCodec.decode(ErrorCodec.java:167)
at org.openqa.selenium.remote.codec.w3c.W3CHttpResponseCodec.decode(W3CHttpResponseCodec.java:138)
at org.openqa.selenium.remote.codec.w3c.W3CHttpResponseCodec.decode(W3CHttpResponseCodec.java:50)
at org.openqa.selenium.remote.HttpCommandExecutor.execute(HttpCommandExecutor.java:190)
at org.openqa.selenium.remote.service.DriverCommandExecutor.invokeExecute(DriverCommandExecutor.java:216)
at org.openqa.selenium.remote.service.DriverCommandExecutor.execute(DriverCommandExecutor.java:174)
at org.openqa.selenium.remote.RemoteWebDriver.execute(RemoteWebDriver.java:527)
at org.openqa.selenium.remote.ElementLocation$ElementFinder$2.findElement(ElementLocation.java:165)
at org.openqa.selenium.remote.ElementLocation.findElement(ElementLocation.java:59)
at org.openqa.selenium.remote.RemoteWebDriver.findElement(RemoteWebDriver.java:357)
at org.openqa.selenium.remote.RemoteWebDriver.findElement(RemoteWebDriver.java:351)
at org.openqa.selenium.support.pagefactory.DefaultElementLocator.findElement(DefaultElementLocator.java:68)
at org.openqa.selenium.support.pagefactory.internal.LocatingElementHandler.invoke(LocatingElementHandler.java:38)
at jdk.proxy2/jdk.proxy2.$Proxy18.toString(Unknown Source)
at java.base/java.lang.String.valueOf(String.java:4465)
at org.openqa.selenium.support.ui.ExpectedConditions$10.toString(ExpectedConditions.java:295)
at java.base/java.lang.String.valueOf(String.java:4465)
at org.openqa.selenium.support.ui.FluentWait.until(FluentWait.java:225)
at com.automation.framework.SeleniumPOMFramework.CreateBatch.batchAction(CreateBatch.java:36)
at com.automation.framework.SeleniumPOMFramework.LoginTest.CreatingBatch(LoginTest.java:30)
at java.base/jdk.internal.reflect.DirectMethodHandleAccessor.invoke(DirectMethodHandleAccessor.java:103)
at java.base/java.lang.reflect.Method.invoke(Method.java:580)
at org.testng.internal.invokers.MethodInvocationHelper.invokeMethod(MethodInvocationHelper.java:141)
at org.testng.internal.invokers.TestInvoker.invokeMethod(TestInvoker.java:687)
at org.testng.internal.invokers.TestInvoker.invokeTestMethod(TestInvoker.java:230)
at org.testng.internal.invokers.MethodRunner.runInSequence(MethodRunner.java:63)
at org.testng.internal.invokers.TestInvoker$MethodInvocationAgent.invoke(TestInvoker.java:995)
at org.testng.internal.invokers.TestInvoker.invokeTestMethods(TestInvoker.java:203)
at org.testng.internal.invokers.TestMethodWorker.invokeTestMethods(TestMethodWorker.java:154)
at org.testng.internal.invokers.TestMethodWorker.run(TestMethodWorker.java:134)
at java.base/java.util.ArrayList.forEach(ArrayList.java:1596)
at org.testng.TestRunner.privateRun(TestRunner.java:741)
at org.testng.TestRunner.run(TestRunner.java:616)
at org.testng.SuiteRunner.runTest(SuiteRunner.java:421)
at org.testng.SuiteRunner$SuiteWorker.run(SuiteRunner.java:463)
at org.testng.internal.thread.ThreadUtil.lambda$execute$0(ThreadUtil.java:64)
at java.base/java.util.concurrent.FutureTask.run(FutureTask.java:317)
at java.base/java.util.concurrent.ThreadPoolExecutor.runWorker(ThreadPoolExecutor.java:1144)
at java.base/java.util.concurrent.ThreadPoolExecutor$Worker.run(ThreadPoolExecutor.java:642)
at java.base/java.lang.Thread.run(Thread.java:1583)
]]>
            </full-stacktrace>
          </exception> <!-- org.openqa.selenium.NoSuchWindowException -->
          <reporter-output>
          </reporter-output>
        </test-method> <!-- CreatingBatch -->
        <test-method is-config="true" signature="tearDownTest()[pri:0, instance:com.automation.framework.SeleniumPOMFramework.LoginTest@71e9ddb4]" started-at="2025-10-24T17:22:08 IST" name="tearDownTest" finished-at="2025-10-24T17:22:08 IST" duration-ms="2" status="PASS">
          <reporter-output>
          </reporter-output>
        </test-method> <!-- tearDownTest -->
        <test-method is-config="true" signature="flushReport()[pri:0, instance:com.automation.framework.SeleniumPOMFramework.LoginTest@71e9ddb4]" started-at="2025-10-24T17:22:08 IST" name="flushReport" finished-at="2025-10-24T17:22:09 IST" duration-ms="645" status="PASS">
          <reporter-output>
          </reporter-output>
        </test-method> <!-- flushReport -->
      </class> <!-- com.automation.framework.SeleniumPOMFramework.LoginTest -->
    </test> <!-- FirefoxTest -->
  </suite> <!-- Suite -->
</testng-results>
